app/build/intermediates/manifest_merge_blame_file/debug/manifest-merger-blame-debug-report.txt
1<?xml version="1.0" encoding="utf-8"?>
2<manifest xmlns:android="http://schemas.android.com/apk/res/android"
3    package="com.example.prototype"
4    android:versionCode="1"
5    android:versionName="1.0" >
6
7    <uses-sdk
8        android:minSdkVersion="24"
8-->src\main\AndroidManifest.xml
9        android:targetSdkVersion="30" />
9-->src\main\AndroidManifest.xml
10
11    <uses-permission android:name="android.permission.WAKE_LOCK" />
11-->src\main\AndroidManifest.xml:5:5-68
11-->src\main\AndroidManifest.xml:5:22-65
12
13    <uses-feature android:name="android.hardware.type.watch" />
13-->src\main\AndroidManifest.xml:7:5-64
13-->src\main\AndroidManifest.xml:7:19-61
14
15    <uses-permission android:name="android.permission.INTERNET" />
15-->src\main\AndroidManifest.xml:9:5-67
15-->src\main\AndroidManifest.xml:9:22-64
16    <uses-permission android:name="android.permission.READ_EXTERNAL_STORAGE" />
16-->src\main\AndroidManifest.xml:10:5-80
16-->src\main\AndroidManifest.xml:10:22-77
17    <uses-permission android:name="android.permission.WRITE_EXTERNAL_STORAGE" />
17-->src\main\AndroidManifest.xml:11:5-81
17-->src\main\AndroidManifest.xml:11:22-78
18    <uses-permission android:name="android.permission.ACCESS_NETWORK_STATE" />
18-->[com.google.firebase:firebase-auth:20.0.1] AndroidManifest.xml:24:5-79
18-->[com.google.firebase:firebase-auth:20.0.1] AndroidManifest.xml:24:22-76
19    <uses-permission android:name="com.google.android.finsky.permission.BIND_GET_INSTALL_REFERRER_SERVICE" />
19-->[com.google.android.gms:play-services-measurement:18.0.0] AndroidManifest.xml:26:5-110
19-->[com.google.android.gms:play-services-measurement:18.0.0] AndroidManifest.xml:26:22-107
20
21    <application
21-->src\main\AndroidManifest.xml:13:5-58:19
22        android:allowBackup="true"
22-->src\main\AndroidManifest.xml:14:9-35
23        android:appComponentFactory="androidx.core.app.CoreComponentFactory"
23-->[androidx.core:core:1.3.1] AndroidManifest.xml:24:18-86
24        android:debuggable="true"
25        android:extractNativeLibs="false"
26        android:icon="@mipmap/ic_launcher"
26-->src\main\AndroidManifest.xml:15:9-43
27        android:label="@string/app_name"
27-->src\main\AndroidManifest.xml:16:9-41
28        android:roundIcon="@mipmap/ic_launcher_round"
28-->src\main\AndroidManifest.xml:17:9-54
29        android:supportsRtl="true"
29-->src\main\AndroidManifest.xml:18:9-35
30        android:theme="@style/AppTheme" >
30-->src\main\AndroidManifest.xml:19:9-40
31        <uses-library
31-->src\main\AndroidManifest.xml:20:9-22:40
32            android:name="com.google.android.wearable"
32-->src\main\AndroidManifest.xml:21:13-55
33            android:required="false" />
33-->src\main\AndroidManifest.xml:22:13-37
34
35        <!--
36               Set to true if your app is Standalone, that is, it does not require the handheld
37               app to run.
38        -->
39        <meta-data
39-->src\main\AndroidManifest.xml:28:9-30:36
40            android:name="com.google.android.wearable.standalone"
40-->src\main\AndroidManifest.xml:29:13-66
41            android:value="true" />
41-->src\main\AndroidManifest.xml:30:13-33
42
43        <activity android:name="com.example.prototype.ViewPatchActivity" />
43-->src\main\AndroidManifest.xml:32:9-54
43-->src\main\AndroidManifest.xml:32:19-52
44        <activity android:name="com.example.prototype.MainActivity" />
44-->src\main\AndroidManifest.xml:34:9-50
44-->src\main\AndroidManifest.xml:34:19-47
45        <activity
45-->src\main\AndroidManifest.xml:36:9-38:59
46            android:name="com.example.prototype.LoginActivity"
46-->src\main\AndroidManifest.xml:37:13-42
47            android:parentActivityName="com.example.prototype.StartActivity" />
47-->src\main\AndroidManifest.xml:38:13-56
48        <activity
48-->src\main\AndroidManifest.xml:40:9-42:59
49            android:name="com.example.prototype.RegisterActivity"
49-->src\main\AndroidManifest.xml:41:13-45
50            android:parentActivityName="com.example.prototype.StartActivity" />
50-->src\main\AndroidManifest.xml:42:13-56
51        <activity
51-->src\main\AndroidManifest.xml:44:9-46:58
52            android:name="com.example.prototype.SettingsActivity"
52-->src\main\AndroidManifest.xml:45:13-45
53            android:parentActivityName="com.example.prototype.MainActivity" />
53-->src\main\AndroidManifest.xml:46:13-55
54        <activity
54-->src\main\AndroidManifest.xml:48:9-57:20
55            android:name="com.example.prototype.StartActivity"
55-->src\main\AndroidManifest.xml:49:13-42
56            android:label="@string/app_name"
56-->src\main\AndroidManifest.xml:50:13-45
57            android:theme="@style/AppTheme.NoActionBar" >
57-->src\main\AndroidManifest.xml:51:13-56
58            <intent-filter>
58-->src\main\AndroidManifest.xml:52:13-56:29
59                <action android:name="android.intent.action.MAIN" />
59-->src\main\AndroidManifest.xml:53:17-69
59-->src\main\AndroidManifest.xml:53:25-66
60
61                <category android:name="android.intent.category.LAUNCHER" />
61-->src\main\AndroidManifest.xml:55:17-77
61-->src\main\AndroidManifest.xml:55:27-74
62            </intent-filter>
63        </activity>
64        <activity
64-->[com.google.firebase:firebase-auth:20.0.1] AndroidManifest.xml:27:9-44:20
65            android:name="com.google.firebase.auth.internal.GenericIdpActivity"
65-->[com.google.firebase:firebase-auth:20.0.1] AndroidManifest.xml:28:13-80
66            android:excludeFromRecents="true"
66-->[com.google.firebase:firebase-auth:20.0.1] AndroidManifest.xml:29:13-46
67            android:exported="true"
67-->[com.google.firebase:firebase-auth:20.0.1] AndroidManifest.xml:30:13-36
68            android:launchMode="singleTask"
68-->[com.google.firebase:firebase-auth:20.0.1] AndroidManifest.xml:31:13-44
69            android:theme="@android:style/Theme.Translucent.NoTitleBar" >
69-->[com.google.firebase:firebase-auth:20.0.1] AndroidManifest.xml:32:13-72
70            <intent-filter>
70-->[com.google.firebase:firebase-auth:20.0.1] AndroidManifest.xml:33:13-43:29
71                <action android:name="android.intent.action.VIEW" />
71-->[com.google.firebase:firebase-auth:20.0.1] AndroidManifest.xml:34:17-69
71-->[com.google.firebase:firebase-auth:20.0.1] AndroidManifest.xml:34:25-66
72
73                <category android:name="android.intent.category.DEFAULT" />
73-->[com.google.firebase:firebase-auth:20.0.1] AndroidManifest.xml:36:17-76
73-->[com.google.firebase:firebase-auth:20.0.1] AndroidManifest.xml:36:27-73
74                <category android:name="android.intent.category.BROWSABLE" />
74-->[com.google.firebase:firebase-auth:20.0.1] AndroidManifest.xml:37:17-78
74-->[com.google.firebase:firebase-auth:20.0.1] AndroidManifest.xml:37:27-75
75
76                <data
76-->[com.google.firebase:firebase-auth:20.0.1] AndroidManifest.xml:39:17-42:51
77                    android:host="firebase.auth"
77-->[com.google.firebase:firebase-auth:20.0.1] AndroidManifest.xml:40:21-49
78                    android:path="/"
78-->[com.google.firebase:firebase-auth:20.0.1] AndroidManifest.xml:41:21-37
79                    android:scheme="genericidp" />
79-->[com.google.firebase:firebase-auth:20.0.1] AndroidManifest.xml:42:21-48
80            </intent-filter>
81        </activity>
82        <activity
82-->[com.google.firebase:firebase-auth:20.0.1] AndroidManifest.xml:45:9-62:20
83            android:name="com.google.firebase.auth.internal.RecaptchaActivity"
83-->[com.google.firebase:firebase-auth:20.0.1] AndroidManifest.xml:46:13-79
84            android:excludeFromRecents="true"
84-->[com.google.firebase:firebase-auth:20.0.1] AndroidManifest.xml:47:13-46
85            android:exported="true"
85-->[com.google.firebase:firebase-auth:20.0.1] AndroidManifest.xml:48:13-36
86            android:launchMode="singleTask"
86-->[com.google.firebase:firebase-auth:20.0.1] AndroidManifest.xml:49:13-44
87            android:theme="@android:style/Theme.Translucent.NoTitleBar" >
87-->[com.google.firebase:firebase-auth:20.0.1] AndroidManifest.xml:50:13-72
88            <intent-filter>
88-->[com.google.firebase:firebase-auth:20.0.1] AndroidManifest.xml:51:13-61:29
89                <action android:name="android.intent.action.VIEW" />
89-->[com.google.firebase:firebase-auth:20.0.1] AndroidManifest.xml:34:17-69
89-->[com.google.firebase:firebase-auth:20.0.1] AndroidManifest.xml:34:25-66
90
91                <category android:name="android.intent.category.DEFAULT" />
91-->[com.google.firebase:firebase-auth:20.0.1] AndroidManifest.xml:36:17-76
91-->[com.google.firebase:firebase-auth:20.0.1] AndroidManifest.xml:36:27-73
92                <category android:name="android.intent.category.BROWSABLE" />
92-->[com.google.firebase:firebase-auth:20.0.1] AndroidManifest.xml:37:17-78
92-->[com.google.firebase:firebase-auth:20.0.1] AndroidManifest.xml:37:27-75
93
94                <data
94-->[com.google.firebase:firebase-auth:20.0.1] AndroidManifest.xml:39:17-42:51
95                    android:host="firebase.auth"
95-->[com.google.firebase:firebase-auth:20.0.1] AndroidManifest.xml:40:21-49
96                    android:path="/"
96-->[com.google.firebase:firebase-auth:20.0.1] AndroidManifest.xml:41:21-37
97                    android:scheme="recaptcha" />
97-->[com.google.firebase:firebase-auth:20.0.1] AndroidManifest.xml:42:21-48
98            </intent-filter>
99        </activity>
100
101        <service
101-->[com.google.firebase:firebase-auth:20.0.1] AndroidManifest.xml:64:9-73:19
102            android:name="com.google.firebase.auth.api.fallback.service.FirebaseAuthFallbackService"
102-->[com.google.firebase:firebase-auth:20.0.1] AndroidManifest.xml:65:13-101
103            android:enabled="true"
103-->[com.google.firebase:firebase-auth:20.0.1] AndroidManifest.xml:66:13-35
104            android:exported="false" >
104-->[com.google.firebase:firebase-auth:20.0.1] AndroidManifest.xml:67:13-37
105            <intent-filter>
105-->[com.google.firebase:firebase-auth:20.0.1] AndroidManifest.xml:68:13-72:29
106                <action android:name="com.google.firebase.auth.api.gms.service.START" />
106-->[com.google.firebase:firebase-auth:20.0.1] AndroidManifest.xml:69:17-89
106-->[com.google.firebase:firebase-auth:20.0.1] AndroidManifest.xml:69:25-86
107
108                <category android:name="android.intent.category.DEFAULT" />
108-->[com.google.firebase:firebase-auth:20.0.1] AndroidManifest.xml:36:17-76
108-->[com.google.firebase:firebase-auth:20.0.1] AndroidManifest.xml:36:27-73
109            </intent-filter>
110        </service>
111        <service
111-->[com.google.firebase:firebase-auth:20.0.1] AndroidManifest.xml:74:9-80:19
112            android:name="com.google.firebase.components.ComponentDiscoveryService"
112-->[com.google.firebase:firebase-auth:20.0.1] AndroidManifest.xml:75:13-84
113            android:directBootAware="true"
113-->[com.google.firebase:firebase-common:19.4.0] AndroidManifest.xml:35:13-43
114            android:exported="false" >
114-->[com.google.firebase:firebase-auth:20.0.1] AndroidManifest.xml:76:13-37
115            <meta-data
115-->[com.google.firebase:firebase-auth:20.0.1] AndroidManifest.xml:77:13-79:85
116                android:name="com.google.firebase.components:com.google.firebase.auth.FirebaseAuthRegistrar"
116-->[com.google.firebase:firebase-auth:20.0.1] AndroidManifest.xml:78:17-109
117                android:value="com.google.firebase.components.ComponentRegistrar" />
117-->[com.google.firebase:firebase-auth:20.0.1] AndroidManifest.xml:79:17-82
118            <meta-data
118-->[com.google.firebase:firebase-database:19.5.1] AndroidManifest.xml:32:13-34:85
119                android:name="com.google.firebase.components:com.google.firebase.database.DatabaseRegistrar"
119-->[com.google.firebase:firebase-database:19.5.1] AndroidManifest.xml:33:17-109
120                android:value="com.google.firebase.components.ComponentRegistrar" />
120-->[com.google.firebase:firebase-database:19.5.1] AndroidManifest.xml:34:17-82
121            <meta-data
121-->[com.google.firebase:firebase-storage:18.0.0] AndroidManifest.xml:31:13-33:85
122                android:name="com.google.firebase.components:com.google.firebase.storage.StorageRegistrar"
122-->[com.google.firebase:firebase-storage:18.0.0] AndroidManifest.xml:32:17-107
123                android:value="com.google.firebase.components.ComponentRegistrar" />
123-->[com.google.firebase:firebase-storage:18.0.0] AndroidManifest.xml:33:17-82
124            <meta-data
124-->[com.google.android.gms:play-services-measurement-api:18.0.0] AndroidManifest.xml:30:13-32:85
125                android:name="com.google.firebase.components:com.google.firebase.analytics.connector.internal.AnalyticsConnectorRegistrar"
125-->[com.google.android.gms:play-services-measurement-api:18.0.0] AndroidManifest.xml:31:17-139
126                android:value="com.google.firebase.components.ComponentRegistrar" />
126-->[com.google.android.gms:play-services-measurement-api:18.0.0] AndroidManifest.xml:32:17-82
127            <meta-data
127-->[com.google.firebase:firebase-installations:16.3.2] AndroidManifest.xml:17:13-19:85
128                android:name="com.google.firebase.components:com.google.firebase.installations.FirebaseInstallationsRegistrar"
128-->[com.google.firebase:firebase-installations:16.3.2] AndroidManifest.xml:18:17-127
129                android:value="com.google.firebase.components.ComponentRegistrar" />
129-->[com.google.firebase:firebase-installations:16.3.2] AndroidManifest.xml:19:17-82
130        </service>
131
132        <activity
132-->[com.google.android.gms:play-services-base:17.1.0] AndroidManifest.xml:23:9-26:75
133            android:name="com.google.android.gms.common.api.GoogleApiActivity"
133-->[com.google.android.gms:play-services-base:17.1.0] AndroidManifest.xml:24:13-79
134            android:exported="false"
134-->[com.google.android.gms:play-services-base:17.1.0] AndroidManifest.xml:25:13-37
135            android:theme="@android:style/Theme.Translucent.NoTitleBar" />
135-->[com.google.android.gms:play-services-base:17.1.0] AndroidManifest.xml:26:13-72
136
137        <provider
137-->[com.google.firebase:firebase-common:19.4.0] AndroidManifest.xml:26:9-31:39
138            android:name="com.google.firebase.provider.FirebaseInitProvider"
138-->[com.google.firebase:firebase-common:19.4.0] AndroidManifest.xml:27:13-77
139            android:authorities="com.example.prototype.firebaseinitprovider"
139-->[com.google.firebase:firebase-common:19.4.0] AndroidManifest.xml:28:13-72
140            android:directBootAware="true"
140-->[com.google.firebase:firebase-common:19.4.0] AndroidManifest.xml:29:13-43
141            android:exported="false"
141-->[com.google.firebase:firebase-common:19.4.0] AndroidManifest.xml:30:13-37
142            android:initOrder="100" />
142-->[com.google.firebase:firebase-common:19.4.0] AndroidManifest.xml:31:13-36
143
144        <receiver
144-->[com.google.android.gms:play-services-measurement:18.0.0] AndroidManifest.xml:29:9-33:20
145            android:name="com.google.android.gms.measurement.AppMeasurementReceiver"
145-->[com.google.android.gms:play-services-measurement:18.0.0] AndroidManifest.xml:30:13-85
146            android:enabled="true"
146-->[com.google.android.gms:play-services-measurement:18.0.0] AndroidManifest.xml:31:13-35
147            android:exported="false" >
147-->[com.google.android.gms:play-services-measurement:18.0.0] AndroidManifest.xml:32:13-37
148        </receiver>
149
150        <service
150-->[com.google.android.gms:play-services-measurement:18.0.0] AndroidManifest.xml:35:9-38:40
151            android:name="com.google.android.gms.measurement.AppMeasurementService"
151-->[com.google.android.gms:play-services-measurement:18.0.0] AndroidManifest.xml:36:13-84
152            android:enabled="true"
152-->[com.google.android.gms:play-services-measurement:18.0.0] AndroidManifest.xml:37:13-35
153            android:exported="false" />
153-->[com.google.android.gms:play-services-measurement:18.0.0] AndroidManifest.xml:38:13-37
154        <service
154-->[com.google.android.gms:play-services-measurement:18.0.0] AndroidManifest.xml:39:9-43:72
155            android:name="com.google.android.gms.measurement.AppMeasurementJobService"
155-->[com.google.android.gms:play-services-measurement:18.0.0] AndroidManifest.xml:40:13-87
156            android:enabled="true"
156-->[com.google.android.gms:play-services-measurement:18.0.0] AndroidManifest.xml:41:13-35
157            android:exported="false"
157-->[com.google.android.gms:play-services-measurement:18.0.0] AndroidManifest.xml:42:13-37
158            android:permission="android.permission.BIND_JOB_SERVICE" />
158-->[com.google.android.gms:play-services-measurement:18.0.0] AndroidManifest.xml:43:13-69
159
160        <meta-data
160-->[com.google.android.gms:play-services-basement:17.1.0] AndroidManifest.xml:23:9-25:69
161            android:name="com.google.android.gms.version"
161-->[com.google.android.gms:play-services-basement:17.1.0] AndroidManifest.xml:24:13-58
162            android:value="@integer/google_play_services_version" />
162-->[com.google.android.gms:play-services-basement:17.1.0] AndroidManifest.xml:25:13-66
163    </application>
164
165</manifest>